<?xml version="1.0" encoding="UTF-8"?>
<testsuite name="com.stocks.stocks.StocksApplicationTests" tests="1" skipped="0" failures="0" errors="0" timestamp="2020-03-29T05:15:07" hostname="bigDaddy-System-Product-Name" time="0.183">
  <properties/>
  <testcase name="contextLoads()" classname="com.stocks.stocks.StocksApplicationTests" time="0.183"/>
  <system-out><![CDATA[00:15:06.122 [Test worker] DEBUG org.springframework.test.context.BootstrapUtils - Instantiating CacheAwareContextLoaderDelegate from class [org.springframework.test.context.cache.DefaultCacheAwareContextLoaderDelegate]
00:15:06.131 [Test worker] DEBUG org.springframework.test.context.BootstrapUtils - Instantiating BootstrapContext using constructor [public org.springframework.test.context.support.DefaultBootstrapContext(java.lang.Class,org.springframework.test.context.CacheAwareContextLoaderDelegate)]
00:15:06.150 [Test worker] DEBUG org.springframework.test.context.BootstrapUtils - Instantiating TestContextBootstrapper for test class [com.stocks.stocks.StocksApplicationTests] from class [org.springframework.boot.test.context.SpringBootTestContextBootstrapper]
00:15:06.158 [Test worker] INFO org.springframework.boot.test.context.SpringBootTestContextBootstrapper - Neither @ContextConfiguration nor @ContextHierarchy found for test class [com.stocks.stocks.StocksApplicationTests], using SpringBootContextLoader
00:15:06.161 [Test worker] DEBUG org.springframework.test.context.support.AbstractContextLoader - Did not detect default resource location for test class [com.stocks.stocks.StocksApplicationTests]: class path resource [com/stocks/stocks/StocksApplicationTests-context.xml] does not exist
00:15:06.161 [Test worker] DEBUG org.springframework.test.context.support.AbstractContextLoader - Did not detect default resource location for test class [com.stocks.stocks.StocksApplicationTests]: class path resource [com/stocks/stocks/StocksApplicationTestsContext.groovy] does not exist
00:15:06.161 [Test worker] INFO org.springframework.test.context.support.AbstractContextLoader - Could not detect default resource locations for test class [com.stocks.stocks.StocksApplicationTests]: no resource found for suffixes {-context.xml, Context.groovy}.
00:15:06.162 [Test worker] INFO org.springframework.test.context.support.AnnotationConfigContextLoaderUtils - Could not detect default configuration classes for test class [com.stocks.stocks.StocksApplicationTests]: StocksApplicationTests does not declare any static, non-private, non-final, nested classes annotated with @Configuration.
00:15:06.183 [Test worker] DEBUG org.springframework.test.context.support.ActiveProfilesUtils - Could not find an 'annotation declaring class' for annotation type [org.springframework.test.context.ActiveProfiles] and class [com.stocks.stocks.StocksApplicationTests]
00:15:06.218 [Test worker] DEBUG org.springframework.context.annotation.ClassPathScanningCandidateComponentProvider - Identified candidate component class: file [/home/big-daddy/code/stocks-app/api-gateway/build/classes/java/main/com/stocks/stocks/StocksApplication.class]
00:15:06.218 [Test worker] INFO org.springframework.boot.test.context.SpringBootTestContextBootstrapper - Found @SpringBootConfiguration com.stocks.stocks.StocksApplication for test class com.stocks.stocks.StocksApplicationTests
00:15:06.275 [Test worker] DEBUG org.springframework.boot.test.context.SpringBootTestContextBootstrapper - @TestExecutionListeners is not present for class [com.stocks.stocks.StocksApplicationTests]: using defaults.
00:15:06.275 [Test worker] INFO org.springframework.boot.test.context.SpringBootTestContextBootstrapper - Loaded default TestExecutionListener class names from location [META-INF/spring.factories]: [org.springframework.boot.test.autoconfigure.restdocs.RestDocsTestExecutionListener, org.springframework.boot.test.autoconfigure.web.client.MockRestServiceServerResetTestExecutionListener, org.springframework.boot.test.autoconfigure.web.servlet.MockMvcPrintOnlyOnFailureTestExecutionListener, org.springframework.boot.test.autoconfigure.web.servlet.WebDriverTestExecutionListener, org.springframework.boot.test.mock.mockito.MockitoTestExecutionListener, org.springframework.boot.test.mock.mockito.ResetMocksTestExecutionListener, org.springframework.test.context.web.ServletTestExecutionListener, org.springframework.test.context.support.DirtiesContextBeforeModesTestExecutionListener, org.springframework.test.context.support.DependencyInjectionTestExecutionListener, org.springframework.test.context.support.DirtiesContextTestExecutionListener, org.springframework.test.context.transaction.TransactionalTestExecutionListener, org.springframework.test.context.jdbc.SqlScriptsTestExecutionListener, org.springframework.test.context.event.EventPublishingTestExecutionListener]
00:15:06.281 [Test worker] DEBUG org.springframework.boot.test.context.SpringBootTestContextBootstrapper - Skipping candidate TestExecutionListener [org.springframework.test.context.transaction.TransactionalTestExecutionListener] due to a missing dependency. Specify custom listener classes or make the default listener classes and their required dependencies available. Offending class: [org/springframework/transaction/TransactionDefinition]
00:15:06.282 [Test worker] DEBUG org.springframework.boot.test.context.SpringBootTestContextBootstrapper - Skipping candidate TestExecutionListener [org.springframework.test.context.jdbc.SqlScriptsTestExecutionListener] due to a missing dependency. Specify custom listener classes or make the default listener classes and their required dependencies available. Offending class: [org/springframework/transaction/interceptor/TransactionAttribute]
00:15:06.282 [Test worker] INFO org.springframework.boot.test.context.SpringBootTestContextBootstrapper - Using TestExecutionListeners: [org.springframework.test.context.web.ServletTestExecutionListener@1449cff9, org.springframework.test.context.support.DirtiesContextBeforeModesTestExecutionListener@78426b88, org.springframework.boot.test.mock.mockito.MockitoTestExecutionListener@7d2cd16c, org.springframework.boot.test.autoconfigure.SpringBootDependencyInjectionTestExecutionListener@54ddb0c5, org.springframework.test.context.support.DirtiesContextTestExecutionListener@eb19ba0, org.springframework.test.context.event.EventPublishingTestExecutionListener@6544bfd5, org.springframework.boot.test.autoconfigure.restdocs.RestDocsTestExecutionListener@7ef8a5a0, org.springframework.boot.test.autoconfigure.web.client.MockRestServiceServerResetTestExecutionListener@479a6922, org.springframework.boot.test.autoconfigure.web.servlet.MockMvcPrintOnlyOnFailureTestExecutionListener@45f496ea, org.springframework.boot.test.autoconfigure.web.servlet.WebDriverTestExecutionListener@50e3396, org.springframework.boot.test.mock.mockito.ResetMocksTestExecutionListener@3e604332]
00:15:06.284 [Test worker] DEBUG org.springframework.test.context.support.AbstractDirtiesContextTestExecutionListener - Before test class: context [DefaultTestContext@280e3e75 testClass = StocksApplicationTests, testInstance = [null], testMethod = [null], testException = [null], mergedContextConfiguration = [WebMergedContextConfiguration@76e9b3b5 testClass = StocksApplicationTests, locations = '{}', classes = '{class com.stocks.stocks.StocksApplication}', contextInitializerClasses = '[]', activeProfiles = '{}', propertySourceLocations = '{}', propertySourceProperties = '{org.springframework.boot.test.context.SpringBootTestContextBootstrapper=true}', contextCustomizers = set[org.springframework.boot.test.autoconfigure.properties.PropertyMappingContextCustomizer@0, org.springframework.boot.test.autoconfigure.web.servlet.WebDriverContextCustomizerFactory$Customizer@8d04f40, org.springframework.boot.test.context.filter.ExcludeFilterContextCustomizer@2b8b2f56, org.springframework.boot.test.json.DuplicateJsonObjectContextCustomizerFactory$DuplicateJsonObjectContextCustomizer@7fe3a0e3, org.springframework.boot.test.mock.mockito.MockitoContextCustomizer@0, org.springframework.boot.test.web.client.TestRestTemplateContextCustomizer@df57c7b, org.springframework.boot.test.web.reactive.server.WebTestClientContextCustomizer@c341e9b], resourceBasePath = 'src/main/webapp', contextLoader = 'org.springframework.boot.test.context.SpringBootContextLoader', parent = [null]], attributes = map['org.springframework.test.context.web.ServletTestExecutionListener.activateListener' -> true]], class annotated with @DirtiesContext [false] with mode [null].
00:15:06.301 [Test worker] DEBUG org.springframework.test.context.support.TestPropertySourceUtils - Adding inlined properties to environment: {spring.jmx.enabled=false, org.springframework.boot.test.context.SpringBootTestContextBootstrapper=true, server.port=-1}

  .   ____          _            __ _ _
 /\\ / ___'_ __ _ _(_)_ __  __ _ \ \ \ \
( ( )\___ | '_ | '_| | '_ \/ _` | \ \ \ \
 \\/  ___)| |_)| | | | | || (_| |  ) ) ) )
  '  |____| .__|_| |_|_| |_\__, | / / / /
 =========|_|==============|___/=/_/_/_/
 :: Spring Boot ::        (v2.2.6.RELEASE)

2020-03-29 00:15:06.492  INFO 9613 --- [    Test worker] c.stocks.stocks.StocksApplicationTests   : Starting StocksApplicationTests on bigDaddy-System-Product-Name with PID 9613 (started by big-daddy in /home/big-daddy/code/stocks-app/api-gateway)
2020-03-29 00:15:06.494  INFO 9613 --- [    Test worker] c.stocks.stocks.StocksApplicationTests   : No active profile set, falling back to default profiles: default
2020-03-29 00:15:07.333  INFO 9613 --- [    Test worker] o.s.s.concurrent.ThreadPoolTaskExecutor  : Initializing ExecutorService 'applicationTaskExecutor'
2020-03-29 00:15:07.611  INFO 9613 --- [    Test worker] c.stocks.stocks.StocksApplicationTests   : Started StocksApplicationTests in 1.304 seconds (JVM running for 1.993)
]]></system-out>
  <system-err><![CDATA[]]></system-err>
</testsuite>
