<?xml version="1.0" encoding="UTF-8"?>
<testsuite name="com.gateway.StocksApplicationTests" tests="1" skipped="0" failures="0" errors="0" timestamp="2020-04-19T03:28:31" hostname="Jakes-MacBook-Pro.local" time="0.22">
  <properties/>
  <testcase name="contextLoads()" classname="com.gateway.StocksApplicationTests" time="0.22"/>
  <system-out><![CDATA[22:28:29.658 [Test worker] DEBUG org.springframework.test.context.BootstrapUtils - Instantiating CacheAwareContextLoaderDelegate from class [org.springframework.test.context.cache.DefaultCacheAwareContextLoaderDelegate]
22:28:29.668 [Test worker] DEBUG org.springframework.test.context.BootstrapUtils - Instantiating BootstrapContext using constructor [public org.springframework.test.context.support.DefaultBootstrapContext(java.lang.Class,org.springframework.test.context.CacheAwareContextLoaderDelegate)]
22:28:29.690 [Test worker] DEBUG org.springframework.test.context.BootstrapUtils - Instantiating TestContextBootstrapper for test class [com.gateway.StocksApplicationTests] from class [org.springframework.boot.test.context.SpringBootTestContextBootstrapper]
22:28:29.701 [Test worker] INFO org.springframework.boot.test.context.SpringBootTestContextBootstrapper - Neither @ContextConfiguration nor @ContextHierarchy found for test class [com.gateway.StocksApplicationTests], using SpringBootContextLoader
22:28:29.704 [Test worker] DEBUG org.springframework.test.context.support.AbstractContextLoader - Did not detect default resource location for test class [com.gateway.StocksApplicationTests]: class path resource [com/gateway/StocksApplicationTests-context.xml] does not exist
22:28:29.705 [Test worker] DEBUG org.springframework.test.context.support.AbstractContextLoader - Did not detect default resource location for test class [com.gateway.StocksApplicationTests]: class path resource [com/gateway/StocksApplicationTestsContext.groovy] does not exist
22:28:29.706 [Test worker] INFO org.springframework.test.context.support.AbstractContextLoader - Could not detect default resource locations for test class [com.gateway.StocksApplicationTests]: no resource found for suffixes {-context.xml, Context.groovy}.
22:28:29.706 [Test worker] INFO org.springframework.test.context.support.AnnotationConfigContextLoaderUtils - Could not detect default configuration classes for test class [com.gateway.StocksApplicationTests]: StocksApplicationTests does not declare any static, non-private, non-final, nested classes annotated with @Configuration.
22:28:29.736 [Test worker] DEBUG org.springframework.test.context.support.ActiveProfilesUtils - Could not find an 'annotation declaring class' for annotation type [org.springframework.test.context.ActiveProfiles] and class [com.gateway.StocksApplicationTests]
22:28:29.798 [Test worker] DEBUG org.springframework.context.annotation.ClassPathScanningCandidateComponentProvider - Identified candidate component class: file [/Users/jakelemar98/code/stocks-app/api-gateway/build/classes/java/main/com/gateway/GatewayApplication.class]
22:28:29.799 [Test worker] INFO org.springframework.boot.test.context.SpringBootTestContextBootstrapper - Found @SpringBootConfiguration com.gateway.GatewayApplication for test class com.gateway.StocksApplicationTests
22:28:29.864 [Test worker] DEBUG org.springframework.boot.test.context.SpringBootTestContextBootstrapper - @TestExecutionListeners is not present for class [com.gateway.StocksApplicationTests]: using defaults.
22:28:29.865 [Test worker] INFO org.springframework.boot.test.context.SpringBootTestContextBootstrapper - Loaded default TestExecutionListener class names from location [META-INF/spring.factories]: [org.springframework.boot.test.autoconfigure.restdocs.RestDocsTestExecutionListener, org.springframework.boot.test.autoconfigure.web.client.MockRestServiceServerResetTestExecutionListener, org.springframework.boot.test.autoconfigure.web.servlet.MockMvcPrintOnlyOnFailureTestExecutionListener, org.springframework.boot.test.autoconfigure.web.servlet.WebDriverTestExecutionListener, org.springframework.boot.test.mock.mockito.MockitoTestExecutionListener, org.springframework.boot.test.mock.mockito.ResetMocksTestExecutionListener, org.springframework.test.context.web.ServletTestExecutionListener, org.springframework.test.context.support.DirtiesContextBeforeModesTestExecutionListener, org.springframework.test.context.support.DependencyInjectionTestExecutionListener, org.springframework.test.context.support.DirtiesContextTestExecutionListener, org.springframework.test.context.transaction.TransactionalTestExecutionListener, org.springframework.test.context.jdbc.SqlScriptsTestExecutionListener, org.springframework.test.context.event.EventPublishingTestExecutionListener]
22:28:29.875 [Test worker] INFO org.springframework.boot.test.context.SpringBootTestContextBootstrapper - Using TestExecutionListeners: [org.springframework.test.context.web.ServletTestExecutionListener@7a1b8f95, org.springframework.test.context.support.DirtiesContextBeforeModesTestExecutionListener@5e16749e, org.springframework.boot.test.mock.mockito.MockitoTestExecutionListener@3290668, org.springframework.boot.test.autoconfigure.SpringBootDependencyInjectionTestExecutionListener@18416881, org.springframework.test.context.support.DirtiesContextTestExecutionListener@3e002b3b, org.springframework.test.context.transaction.TransactionalTestExecutionListener@53df1ae1, org.springframework.test.context.jdbc.SqlScriptsTestExecutionListener@188e4cb4, org.springframework.test.context.event.EventPublishingTestExecutionListener@b982a44, org.springframework.boot.test.autoconfigure.restdocs.RestDocsTestExecutionListener@34fe81ff, org.springframework.boot.test.autoconfigure.web.client.MockRestServiceServerResetTestExecutionListener@1f5d9d93, org.springframework.boot.test.autoconfigure.web.servlet.MockMvcPrintOnlyOnFailureTestExecutionListener@75dc8920, org.springframework.boot.test.autoconfigure.web.servlet.WebDriverTestExecutionListener@3fdc57d5, org.springframework.boot.test.mock.mockito.ResetMocksTestExecutionListener@7fedd8a8]
22:28:29.878 [Test worker] DEBUG org.springframework.test.context.support.AbstractDirtiesContextTestExecutionListener - Before test class: context [DefaultTestContext@77ba7b86 testClass = StocksApplicationTests, testInstance = [null], testMethod = [null], testException = [null], mergedContextConfiguration = [WebMergedContextConfiguration@6e1c9f5 testClass = StocksApplicationTests, locations = '{}', classes = '{class com.gateway.GatewayApplication}', contextInitializerClasses = '[]', activeProfiles = '{}', propertySourceLocations = '{}', propertySourceProperties = '{org.springframework.boot.test.context.SpringBootTestContextBootstrapper=true}', contextCustomizers = set[org.springframework.boot.test.autoconfigure.properties.PropertyMappingContextCustomizer@0, org.springframework.boot.test.autoconfigure.web.servlet.WebDriverContextCustomizerFactory$Customizer@5e807baf, org.springframework.boot.test.context.filter.ExcludeFilterContextCustomizer@7222fb60, org.springframework.boot.test.json.DuplicateJsonObjectContextCustomizerFactory$DuplicateJsonObjectContextCustomizer@989feb4, org.springframework.boot.test.mock.mockito.MockitoContextCustomizer@0, org.springframework.boot.test.web.client.TestRestTemplateContextCustomizer@2a34cb97, org.springframework.boot.test.web.reactive.server.WebTestClientContextCustomizer@2837f578], resourceBasePath = 'src/main/webapp', contextLoader = 'org.springframework.boot.test.context.SpringBootContextLoader', parent = [null]], attributes = map['org.springframework.test.context.web.ServletTestExecutionListener.activateListener' -> true]], class annotated with @DirtiesContext [false] with mode [null].
22:28:29.897 [Test worker] DEBUG org.springframework.test.context.support.TestPropertySourceUtils - Adding inlined properties to environment: {spring.jmx.enabled=false, org.springframework.boot.test.context.SpringBootTestContextBootstrapper=true, server.port=-1}

  .   ____          _            __ _ _
 /\\ / ___'_ __ _ _(_)_ __  __ _ \ \ \ \
( ( )\___ | '_ | '_| | '_ \/ _` | \ \ \ \
 \\/  ___)| |_)| | | | | || (_| |  ) ) ) )
  '  |____| .__|_| |_|_| |_\__, | / / / /
 =========|_|==============|___/=/_/_/_/
 :: Spring Boot ::        (v2.2.6.RELEASE)

2020-04-18 22:28:30.092  INFO 23189 --- [    Test worker] com.gateway.StocksApplicationTests       : Starting StocksApplicationTests on Jakes-MacBook-Pro.local with PID 23189 (started by jakelemar98 in /Users/jakelemar98/code/stocks-app/api-gateway)
2020-04-18 22:28:30.093  INFO 23189 --- [    Test worker] com.gateway.StocksApplicationTests       : The following profiles are active: dev
2020-04-18 22:28:30.558  INFO 23189 --- [    Test worker] .s.d.r.c.RepositoryConfigurationDelegate : Multiple Spring Data modules found, entering strict repository configuration mode!
2020-04-18 22:28:30.560  INFO 23189 --- [    Test worker] .s.d.r.c.RepositoryConfigurationDelegate : Bootstrapping Spring Data Redis repositories in DEFAULT mode.
2020-04-18 22:28:30.582  INFO 23189 --- [    Test worker] .s.d.r.c.RepositoryConfigurationDelegate : Finished Spring Data repository scanning in 12ms. Found 0 Redis repository interfaces.
2020-04-18 22:28:31.317  INFO 23189 --- [    Test worker] o.s.s.concurrent.ThreadPoolTaskExecutor  : Initializing ExecutorService 'applicationTaskExecutor'
2020-04-18 22:28:31.944  INFO 23189 --- [    Test worker] com.gateway.StocksApplicationTests       : Started StocksApplicationTests in 2.039 seconds (JVM running for 2.892)
]]></system-out>
  <system-err><![CDATA[]]></system-err>
</testsuite>
