<?xml version="1.0" encoding="UTF-8"?>
<testsuite name="com.gateway.StocksApplicationTests" tests="1" skipped="0" failures="0" errors="0" timestamp="2020-04-21T20:46:48" hostname="bigDaddy-System-Product-Name" time="0.212">
  <properties/>
  <testcase name="contextLoads()" classname="com.gateway.StocksApplicationTests" time="0.212"/>
  <system-out><![CDATA[15:46:46.437 [Test worker] DEBUG org.springframework.test.context.BootstrapUtils - Instantiating CacheAwareContextLoaderDelegate from class [org.springframework.test.context.cache.DefaultCacheAwareContextLoaderDelegate]
15:46:46.445 [Test worker] DEBUG org.springframework.test.context.BootstrapUtils - Instantiating BootstrapContext using constructor [public org.springframework.test.context.support.DefaultBootstrapContext(java.lang.Class,org.springframework.test.context.CacheAwareContextLoaderDelegate)]
15:46:46.477 [Test worker] DEBUG org.springframework.test.context.BootstrapUtils - Instantiating TestContextBootstrapper for test class [com.gateway.StocksApplicationTests] from class [org.springframework.boot.test.context.SpringBootTestContextBootstrapper]
15:46:46.495 [Test worker] INFO org.springframework.boot.test.context.SpringBootTestContextBootstrapper - Neither @ContextConfiguration nor @ContextHierarchy found for test class [com.gateway.StocksApplicationTests], using SpringBootContextLoader
15:46:46.498 [Test worker] DEBUG org.springframework.test.context.support.AbstractContextLoader - Did not detect default resource location for test class [com.gateway.StocksApplicationTests]: class path resource [com/gateway/StocksApplicationTests-context.xml] does not exist
15:46:46.499 [Test worker] DEBUG org.springframework.test.context.support.AbstractContextLoader - Did not detect default resource location for test class [com.gateway.StocksApplicationTests]: class path resource [com/gateway/StocksApplicationTestsContext.groovy] does not exist
15:46:46.499 [Test worker] INFO org.springframework.test.context.support.AbstractContextLoader - Could not detect default resource locations for test class [com.gateway.StocksApplicationTests]: no resource found for suffixes {-context.xml, Context.groovy}.
15:46:46.499 [Test worker] INFO org.springframework.test.context.support.AnnotationConfigContextLoaderUtils - Could not detect default configuration classes for test class [com.gateway.StocksApplicationTests]: StocksApplicationTests does not declare any static, non-private, non-final, nested classes annotated with @Configuration.
15:46:46.523 [Test worker] DEBUG org.springframework.test.context.support.ActiveProfilesUtils - Could not find an 'annotation declaring class' for annotation type [org.springframework.test.context.ActiveProfiles] and class [com.gateway.StocksApplicationTests]
15:46:46.559 [Test worker] DEBUG org.springframework.context.annotation.ClassPathScanningCandidateComponentProvider - Identified candidate component class: file [/home/big-daddy/code/stocks-app/api-gateway/build/classes/java/main/com/gateway/GatewayApplication.class]
15:46:46.560 [Test worker] INFO org.springframework.boot.test.context.SpringBootTestContextBootstrapper - Found @SpringBootConfiguration com.gateway.GatewayApplication for test class com.gateway.StocksApplicationTests
15:46:46.616 [Test worker] DEBUG org.springframework.boot.test.context.SpringBootTestContextBootstrapper - @TestExecutionListeners is not present for class [com.gateway.StocksApplicationTests]: using defaults.
15:46:46.617 [Test worker] INFO org.springframework.boot.test.context.SpringBootTestContextBootstrapper - Loaded default TestExecutionListener class names from location [META-INF/spring.factories]: [org.springframework.boot.test.autoconfigure.restdocs.RestDocsTestExecutionListener, org.springframework.boot.test.autoconfigure.web.client.MockRestServiceServerResetTestExecutionListener, org.springframework.boot.test.autoconfigure.web.servlet.MockMvcPrintOnlyOnFailureTestExecutionListener, org.springframework.boot.test.autoconfigure.web.servlet.WebDriverTestExecutionListener, org.springframework.boot.test.mock.mockito.MockitoTestExecutionListener, org.springframework.boot.test.mock.mockito.ResetMocksTestExecutionListener, org.springframework.test.context.web.ServletTestExecutionListener, org.springframework.test.context.support.DirtiesContextBeforeModesTestExecutionListener, org.springframework.test.context.support.DependencyInjectionTestExecutionListener, org.springframework.test.context.support.DirtiesContextTestExecutionListener, org.springframework.test.context.transaction.TransactionalTestExecutionListener, org.springframework.test.context.jdbc.SqlScriptsTestExecutionListener, org.springframework.test.context.event.EventPublishingTestExecutionListener]
15:46:46.625 [Test worker] INFO org.springframework.boot.test.context.SpringBootTestContextBootstrapper - Using TestExecutionListeners: [org.springframework.test.context.web.ServletTestExecutionListener@231854b6, org.springframework.test.context.support.DirtiesContextBeforeModesTestExecutionListener@62209e24, org.springframework.boot.test.mock.mockito.MockitoTestExecutionListener@5509b74a, org.springframework.boot.test.autoconfigure.SpringBootDependencyInjectionTestExecutionListener@5bd4cbb1, org.springframework.test.context.support.DirtiesContextTestExecutionListener@3a888999, org.springframework.test.context.transaction.TransactionalTestExecutionListener@5cbfe152, org.springframework.test.context.jdbc.SqlScriptsTestExecutionListener@4494ae68, org.springframework.test.context.event.EventPublishingTestExecutionListener@39606c08, org.springframework.boot.test.autoconfigure.restdocs.RestDocsTestExecutionListener@47daeefc, org.springframework.boot.test.autoconfigure.web.client.MockRestServiceServerResetTestExecutionListener@644c2224, org.springframework.boot.test.autoconfigure.web.servlet.MockMvcPrintOnlyOnFailureTestExecutionListener@54a272b, org.springframework.boot.test.autoconfigure.web.servlet.WebDriverTestExecutionListener@3f701ba6, org.springframework.boot.test.mock.mockito.ResetMocksTestExecutionListener@2f4dafba]
15:46:46.627 [Test worker] DEBUG org.springframework.test.context.support.AbstractDirtiesContextTestExecutionListener - Before test class: context [DefaultTestContext@30fdfa21 testClass = StocksApplicationTests, testInstance = [null], testMethod = [null], testException = [null], mergedContextConfiguration = [WebMergedContextConfiguration@67397cbe testClass = StocksApplicationTests, locations = '{}', classes = '{class com.gateway.GatewayApplication}', contextInitializerClasses = '[]', activeProfiles = '{}', propertySourceLocations = '{}', propertySourceProperties = '{org.springframework.boot.test.context.SpringBootTestContextBootstrapper=true}', contextCustomizers = set[org.springframework.boot.test.autoconfigure.properties.PropertyMappingContextCustomizer@0, org.springframework.boot.test.autoconfigure.web.servlet.WebDriverContextCustomizerFactory$Customizer@4a01cece, org.springframework.boot.test.context.filter.ExcludeFilterContextCustomizer@7b2190c8, org.springframework.boot.test.json.DuplicateJsonObjectContextCustomizerFactory$DuplicateJsonObjectContextCustomizer@3cd627c9, org.springframework.boot.test.mock.mockito.MockitoContextCustomizer@0, org.springframework.boot.test.web.client.TestRestTemplateContextCustomizer@5e74df0c, org.springframework.boot.test.web.reactive.server.WebTestClientContextCustomizer@7646d5ff], resourceBasePath = 'src/main/webapp', contextLoader = 'org.springframework.boot.test.context.SpringBootContextLoader', parent = [null]], attributes = map['org.springframework.test.context.web.ServletTestExecutionListener.activateListener' -> true]], class annotated with @DirtiesContext [false] with mode [null].
15:46:46.644 [Test worker] DEBUG org.springframework.test.context.support.TestPropertySourceUtils - Adding inlined properties to environment: {spring.jmx.enabled=false, org.springframework.boot.test.context.SpringBootTestContextBootstrapper=true, server.port=-1}

  .   ____          _            __ _ _
 /\\ / ___'_ __ _ _(_)_ __  __ _ \ \ \ \
( ( )\___ | '_ | '_| | '_ \/ _` | \ \ \ \
 \\/  ___)| |_)| | | | | || (_| |  ) ) ) )
  '  |____| .__|_| |_|_| |_\__, | / / / /
 =========|_|==============|___/=/_/_/_/
 :: Spring Boot ::        (v2.2.6.RELEASE)

2020-04-21 15:46:46.854  INFO 25098 --- [    Test worker] com.gateway.StocksApplicationTests       : Starting StocksApplicationTests on bigDaddy-System-Product-Name with PID 25098 (started by big-daddy in /home/big-daddy/code/stocks-app/api-gateway)
2020-04-21 15:46:46.855  INFO 25098 --- [    Test worker] com.gateway.StocksApplicationTests       : The following profiles are active: dev
2020-04-21 15:46:47.288  INFO 25098 --- [    Test worker] .s.d.r.c.RepositoryConfigurationDelegate : Multiple Spring Data modules found, entering strict repository configuration mode!
2020-04-21 15:46:47.290  INFO 25098 --- [    Test worker] .s.d.r.c.RepositoryConfigurationDelegate : Bootstrapping Spring Data Redis repositories in DEFAULT mode.
2020-04-21 15:46:47.326  INFO 25098 --- [    Test worker] .s.d.r.c.RepositoryConfigurationDelegate : Finished Spring Data repository scanning in 10ms. Found 0 Redis repository interfaces.
2020-04-21 15:46:48.046  INFO 25098 --- [    Test worker] o.s.s.concurrent.ThreadPoolTaskExecutor  : Initializing ExecutorService 'applicationTaskExecutor'
2020-04-21 15:46:48.678  INFO 25098 --- [    Test worker] com.gateway.StocksApplicationTests       : Started StocksApplicationTests in 2.027 seconds (JVM running for 2.767)
]]></system-out>
  <system-err><![CDATA[]]></system-err>
</testsuite>
