<?xml version="1.0" encoding="UTF-8"?>
<testsuite name="com.gateway.StocksApplicationTests" tests="1" skipped="0" failures="0" errors="0" timestamp="2020-04-03T20:44:19" hostname="bigDaddy-System-Product-Name" time="0.185">
  <properties/>
  <testcase name="contextLoads()" classname="com.gateway.StocksApplicationTests" time="0.185"/>
  <system-out><![CDATA[15:44:17.422 [Test worker] DEBUG org.springframework.test.context.BootstrapUtils - Instantiating CacheAwareContextLoaderDelegate from class [org.springframework.test.context.cache.DefaultCacheAwareContextLoaderDelegate]
15:44:17.431 [Test worker] DEBUG org.springframework.test.context.BootstrapUtils - Instantiating BootstrapContext using constructor [public org.springframework.test.context.support.DefaultBootstrapContext(java.lang.Class,org.springframework.test.context.CacheAwareContextLoaderDelegate)]
15:44:17.456 [Test worker] DEBUG org.springframework.test.context.BootstrapUtils - Instantiating TestContextBootstrapper for test class [com.gateway.StocksApplicationTests] from class [org.springframework.boot.test.context.SpringBootTestContextBootstrapper]
15:44:17.478 [Test worker] INFO org.springframework.boot.test.context.SpringBootTestContextBootstrapper - Neither @ContextConfiguration nor @ContextHierarchy found for test class [com.gateway.StocksApplicationTests], using SpringBootContextLoader
15:44:17.482 [Test worker] DEBUG org.springframework.test.context.support.AbstractContextLoader - Did not detect default resource location for test class [com.gateway.StocksApplicationTests]: class path resource [com/gateway/StocksApplicationTests-context.xml] does not exist
15:44:17.483 [Test worker] DEBUG org.springframework.test.context.support.AbstractContextLoader - Did not detect default resource location for test class [com.gateway.StocksApplicationTests]: class path resource [com/gateway/StocksApplicationTestsContext.groovy] does not exist
15:44:17.483 [Test worker] INFO org.springframework.test.context.support.AbstractContextLoader - Could not detect default resource locations for test class [com.gateway.StocksApplicationTests]: no resource found for suffixes {-context.xml, Context.groovy}.
15:44:17.484 [Test worker] INFO org.springframework.test.context.support.AnnotationConfigContextLoaderUtils - Could not detect default configuration classes for test class [com.gateway.StocksApplicationTests]: StocksApplicationTests does not declare any static, non-private, non-final, nested classes annotated with @Configuration.
15:44:17.510 [Test worker] DEBUG org.springframework.test.context.support.ActiveProfilesUtils - Could not find an 'annotation declaring class' for annotation type [org.springframework.test.context.ActiveProfiles] and class [com.gateway.StocksApplicationTests]
15:44:17.546 [Test worker] DEBUG org.springframework.context.annotation.ClassPathScanningCandidateComponentProvider - Identified candidate component class: file [/home/big-daddy/code/stocks-app/api-gateway/build/classes/java/main/com/gateway/GatewayApplication.class]
15:44:17.547 [Test worker] INFO org.springframework.boot.test.context.SpringBootTestContextBootstrapper - Found @SpringBootConfiguration com.gateway.GatewayApplication for test class com.gateway.StocksApplicationTests
15:44:17.602 [Test worker] DEBUG org.springframework.boot.test.context.SpringBootTestContextBootstrapper - @TestExecutionListeners is not present for class [com.gateway.StocksApplicationTests]: using defaults.
15:44:17.602 [Test worker] INFO org.springframework.boot.test.context.SpringBootTestContextBootstrapper - Loaded default TestExecutionListener class names from location [META-INF/spring.factories]: [org.springframework.boot.test.autoconfigure.restdocs.RestDocsTestExecutionListener, org.springframework.boot.test.autoconfigure.web.client.MockRestServiceServerResetTestExecutionListener, org.springframework.boot.test.autoconfigure.web.servlet.MockMvcPrintOnlyOnFailureTestExecutionListener, org.springframework.boot.test.autoconfigure.web.servlet.WebDriverTestExecutionListener, org.springframework.boot.test.mock.mockito.MockitoTestExecutionListener, org.springframework.boot.test.mock.mockito.ResetMocksTestExecutionListener, org.springframework.test.context.web.ServletTestExecutionListener, org.springframework.test.context.support.DirtiesContextBeforeModesTestExecutionListener, org.springframework.test.context.support.DependencyInjectionTestExecutionListener, org.springframework.test.context.support.DirtiesContextTestExecutionListener, org.springframework.test.context.transaction.TransactionalTestExecutionListener, org.springframework.test.context.jdbc.SqlScriptsTestExecutionListener, org.springframework.test.context.event.EventPublishingTestExecutionListener]
15:44:17.610 [Test worker] INFO org.springframework.boot.test.context.SpringBootTestContextBootstrapper - Using TestExecutionListeners: [org.springframework.test.context.web.ServletTestExecutionListener@2fad1fc3, org.springframework.test.context.support.DirtiesContextBeforeModesTestExecutionListener@5b64ecc2, org.springframework.boot.test.mock.mockito.MockitoTestExecutionListener@6d55513e, org.springframework.boot.test.autoconfigure.SpringBootDependencyInjectionTestExecutionListener@436cfa79, org.springframework.test.context.support.DirtiesContextTestExecutionListener@4f8a6d0, org.springframework.test.context.transaction.TransactionalTestExecutionListener@78864871, org.springframework.test.context.jdbc.SqlScriptsTestExecutionListener@3f9d2afe, org.springframework.test.context.event.EventPublishingTestExecutionListener@1b06a046, org.springframework.boot.test.autoconfigure.restdocs.RestDocsTestExecutionListener@5a894bd0, org.springframework.boot.test.autoconfigure.web.client.MockRestServiceServerResetTestExecutionListener@10864530, org.springframework.boot.test.autoconfigure.web.servlet.MockMvcPrintOnlyOnFailureTestExecutionListener@469a4704, org.springframework.boot.test.autoconfigure.web.servlet.WebDriverTestExecutionListener@68b0db01, org.springframework.boot.test.mock.mockito.ResetMocksTestExecutionListener@7877ca0c]
15:44:17.613 [Test worker] DEBUG org.springframework.test.context.support.AbstractDirtiesContextTestExecutionListener - Before test class: context [DefaultTestContext@7308aca6 testClass = StocksApplicationTests, testInstance = [null], testMethod = [null], testException = [null], mergedContextConfiguration = [WebMergedContextConfiguration@497d200c testClass = StocksApplicationTests, locations = '{}', classes = '{class com.gateway.GatewayApplication}', contextInitializerClasses = '[]', activeProfiles = '{}', propertySourceLocations = '{}', propertySourceProperties = '{org.springframework.boot.test.context.SpringBootTestContextBootstrapper=true}', contextCustomizers = set[org.springframework.boot.test.autoconfigure.properties.PropertyMappingContextCustomizer@0, org.springframework.boot.test.autoconfigure.web.servlet.WebDriverContextCustomizerFactory$Customizer@47805795, org.springframework.boot.test.context.filter.ExcludeFilterContextCustomizer@6a1dd062, org.springframework.boot.test.json.DuplicateJsonObjectContextCustomizerFactory$DuplicateJsonObjectContextCustomizer@2921bd68, org.springframework.boot.test.mock.mockito.MockitoContextCustomizer@0, org.springframework.boot.test.web.client.TestRestTemplateContextCustomizer@11fadeaf, org.springframework.boot.test.web.reactive.server.WebTestClientContextCustomizer@55e91bdf], resourceBasePath = 'src/main/webapp', contextLoader = 'org.springframework.boot.test.context.SpringBootContextLoader', parent = [null]], attributes = map['org.springframework.test.context.web.ServletTestExecutionListener.activateListener' -> true]], class annotated with @DirtiesContext [false] with mode [null].
15:44:17.629 [Test worker] DEBUG org.springframework.test.context.support.TestPropertySourceUtils - Adding inlined properties to environment: {spring.jmx.enabled=false, org.springframework.boot.test.context.SpringBootTestContextBootstrapper=true, server.port=-1}

  .   ____          _            __ _ _
 /\\ / ___'_ __ _ _(_)_ __  __ _ \ \ \ \
( ( )\___ | '_ | '_| | '_ \/ _` | \ \ \ \
 \\/  ___)| |_)| | | | | || (_| |  ) ) ) )
  '  |____| .__|_| |_|_| |_\__, | / / / /
 =========|_|==============|___/=/_/_/_/
 :: Spring Boot ::        (v2.2.6.RELEASE)

2020-04-03 15:44:17.803  INFO 20986 --- [    Test worker] com.gateway.StocksApplicationTests       : Starting StocksApplicationTests on bigDaddy-System-Product-Name with PID 20986 (started by big-daddy in /home/big-daddy/code/stocks-app/api-gateway)
2020-04-03 15:44:17.804  INFO 20986 --- [    Test worker] com.gateway.StocksApplicationTests       : No active profile set, falling back to default profiles: default
2020-04-03 15:44:18.229  INFO 20986 --- [    Test worker] .s.d.r.c.RepositoryConfigurationDelegate : Multiple Spring Data modules found, entering strict repository configuration mode!
2020-04-03 15:44:18.231  INFO 20986 --- [    Test worker] .s.d.r.c.RepositoryConfigurationDelegate : Bootstrapping Spring Data Redis repositories in DEFAULT mode.
2020-04-03 15:44:18.251  INFO 20986 --- [    Test worker] .s.d.r.c.RepositoryConfigurationDelegate : Finished Spring Data repository scanning in 10ms. Found 0 Redis repository interfaces.
2020-04-03 15:44:18.911  INFO 20986 --- [    Test worker] o.s.s.concurrent.ThreadPoolTaskExecutor  : Initializing ExecutorService 'applicationTaskExecutor'
2020-04-03 15:44:19.512  INFO 20986 --- [    Test worker] com.gateway.StocksApplicationTests       : Started StocksApplicationTests in 1.877 seconds (JVM running for 2.637)
]]></system-out>
  <system-err><![CDATA[]]></system-err>
</testsuite>
