<?xml version="1.0" encoding="UTF-8"?>
<testsuite name="com.gateway.StocksApplicationTests" tests="1" skipped="0" failures="0" errors="0" timestamp="2020-05-10T07:22:00" hostname="bigDaddy-System-Product-Name" time="0.18">
  <properties/>
  <testcase name="contextLoads()" classname="com.gateway.StocksApplicationTests" time="0.18"/>
  <system-out><![CDATA[02:21:58.253 [Test worker] DEBUG org.springframework.test.context.BootstrapUtils - Instantiating CacheAwareContextLoaderDelegate from class [org.springframework.test.context.cache.DefaultCacheAwareContextLoaderDelegate]
02:21:58.260 [Test worker] DEBUG org.springframework.test.context.BootstrapUtils - Instantiating BootstrapContext using constructor [public org.springframework.test.context.support.DefaultBootstrapContext(java.lang.Class,org.springframework.test.context.CacheAwareContextLoaderDelegate)]
02:21:58.275 [Test worker] DEBUG org.springframework.test.context.BootstrapUtils - Instantiating TestContextBootstrapper for test class [com.gateway.StocksApplicationTests] from class [org.springframework.boot.test.context.SpringBootTestContextBootstrapper]
02:21:58.292 [Test worker] INFO org.springframework.boot.test.context.SpringBootTestContextBootstrapper - Neither @ContextConfiguration nor @ContextHierarchy found for test class [com.gateway.StocksApplicationTests], using SpringBootContextLoader
02:21:58.295 [Test worker] DEBUG org.springframework.test.context.support.AbstractContextLoader - Did not detect default resource location for test class [com.gateway.StocksApplicationTests]: class path resource [com/gateway/StocksApplicationTests-context.xml] does not exist
02:21:58.295 [Test worker] DEBUG org.springframework.test.context.support.AbstractContextLoader - Did not detect default resource location for test class [com.gateway.StocksApplicationTests]: class path resource [com/gateway/StocksApplicationTestsContext.groovy] does not exist
02:21:58.295 [Test worker] INFO org.springframework.test.context.support.AbstractContextLoader - Could not detect default resource locations for test class [com.gateway.StocksApplicationTests]: no resource found for suffixes {-context.xml, Context.groovy}.
02:21:58.296 [Test worker] INFO org.springframework.test.context.support.AnnotationConfigContextLoaderUtils - Could not detect default configuration classes for test class [com.gateway.StocksApplicationTests]: StocksApplicationTests does not declare any static, non-private, non-final, nested classes annotated with @Configuration.
02:21:58.318 [Test worker] DEBUG org.springframework.test.context.support.ActiveProfilesUtils - Could not find an 'annotation declaring class' for annotation type [org.springframework.test.context.ActiveProfiles] and class [com.gateway.StocksApplicationTests]
02:21:58.348 [Test worker] DEBUG org.springframework.context.annotation.ClassPathScanningCandidateComponentProvider - Identified candidate component class: file [/home/big-daddy/code/stocks-app/api-gateway/build/classes/java/main/com/gateway/GatewayApplication.class]
02:21:58.348 [Test worker] INFO org.springframework.boot.test.context.SpringBootTestContextBootstrapper - Found @SpringBootConfiguration com.gateway.GatewayApplication for test class com.gateway.StocksApplicationTests
02:21:58.391 [Test worker] DEBUG org.springframework.boot.test.context.SpringBootTestContextBootstrapper - @TestExecutionListeners is not present for class [com.gateway.StocksApplicationTests]: using defaults.
02:21:58.392 [Test worker] INFO org.springframework.boot.test.context.SpringBootTestContextBootstrapper - Loaded default TestExecutionListener class names from location [META-INF/spring.factories]: [org.springframework.boot.test.autoconfigure.restdocs.RestDocsTestExecutionListener, org.springframework.boot.test.autoconfigure.web.client.MockRestServiceServerResetTestExecutionListener, org.springframework.boot.test.autoconfigure.web.servlet.MockMvcPrintOnlyOnFailureTestExecutionListener, org.springframework.boot.test.autoconfigure.web.servlet.WebDriverTestExecutionListener, org.springframework.boot.test.mock.mockito.MockitoTestExecutionListener, org.springframework.boot.test.mock.mockito.ResetMocksTestExecutionListener, org.springframework.test.context.web.ServletTestExecutionListener, org.springframework.test.context.support.DirtiesContextBeforeModesTestExecutionListener, org.springframework.test.context.support.DependencyInjectionTestExecutionListener, org.springframework.test.context.support.DirtiesContextTestExecutionListener, org.springframework.test.context.transaction.TransactionalTestExecutionListener, org.springframework.test.context.jdbc.SqlScriptsTestExecutionListener, org.springframework.test.context.event.EventPublishingTestExecutionListener]
02:21:58.399 [Test worker] INFO org.springframework.boot.test.context.SpringBootTestContextBootstrapper - Using TestExecutionListeners: [org.springframework.test.context.web.ServletTestExecutionListener@4db8185b, org.springframework.test.context.support.DirtiesContextBeforeModesTestExecutionListener@514427e4, org.springframework.boot.test.mock.mockito.MockitoTestExecutionListener@7cba545f, org.springframework.boot.test.autoconfigure.SpringBootDependencyInjectionTestExecutionListener@3569a585, org.springframework.test.context.support.DirtiesContextTestExecutionListener@381e09b3, org.springframework.test.context.transaction.TransactionalTestExecutionListener@48156253, org.springframework.test.context.jdbc.SqlScriptsTestExecutionListener@6623cfa2, org.springframework.test.context.event.EventPublishingTestExecutionListener@1e9e1b6e, org.springframework.boot.test.autoconfigure.restdocs.RestDocsTestExecutionListener@5685da9f, org.springframework.boot.test.autoconfigure.web.client.MockRestServiceServerResetTestExecutionListener@35e12de6, org.springframework.boot.test.autoconfigure.web.servlet.MockMvcPrintOnlyOnFailureTestExecutionListener@4d47aa27, org.springframework.boot.test.autoconfigure.web.servlet.WebDriverTestExecutionListener@23ec9d8a, org.springframework.boot.test.mock.mockito.ResetMocksTestExecutionListener@5bc5ea4a]
02:21:58.401 [Test worker] DEBUG org.springframework.test.context.support.AbstractDirtiesContextTestExecutionListener - Before test class: context [DefaultTestContext@307ea684 testClass = StocksApplicationTests, testInstance = [null], testMethod = [null], testException = [null], mergedContextConfiguration = [WebMergedContextConfiguration@2968842e testClass = StocksApplicationTests, locations = '{}', classes = '{class com.gateway.GatewayApplication}', contextInitializerClasses = '[]', activeProfiles = '{}', propertySourceLocations = '{}', propertySourceProperties = '{org.springframework.boot.test.context.SpringBootTestContextBootstrapper=true}', contextCustomizers = set[org.springframework.boot.test.autoconfigure.properties.PropertyMappingContextCustomizer@0, org.springframework.boot.test.autoconfigure.web.servlet.WebDriverContextCustomizerFactory$Customizer@6b35381e, org.springframework.boot.test.context.filter.ExcludeFilterContextCustomizer@5eb89ea7, org.springframework.boot.test.json.DuplicateJsonObjectContextCustomizerFactory$DuplicateJsonObjectContextCustomizer@716125c4, org.springframework.boot.test.mock.mockito.MockitoContextCustomizer@0, org.springframework.boot.test.web.client.TestRestTemplateContextCustomizer@39a041f9, org.springframework.boot.test.web.reactive.server.WebTestClientContextCustomizer@235164eb], resourceBasePath = 'src/main/webapp', contextLoader = 'org.springframework.boot.test.context.SpringBootContextLoader', parent = [null]], attributes = map['org.springframework.test.context.web.ServletTestExecutionListener.activateListener' -> true]], class annotated with @DirtiesContext [false] with mode [null].
02:21:58.414 [Test worker] DEBUG org.springframework.test.context.support.TestPropertySourceUtils - Adding inlined properties to environment: {spring.jmx.enabled=false, org.springframework.boot.test.context.SpringBootTestContextBootstrapper=true, server.port=-1}

  .   ____          _            __ _ _
 /\\ / ___'_ __ _ _(_)_ __  __ _ \ \ \ \
( ( )\___ | '_ | '_| | '_ \/ _` | \ \ \ \
 \\/  ___)| |_)| | | | | || (_| |  ) ) ) )
  '  |____| .__|_| |_|_| |_\__, | / / / /
 =========|_|==============|___/=/_/_/_/
 :: Spring Boot ::        (v2.2.6.RELEASE)

2020-05-10 02:21:58.605  INFO 15059 --- [    Test worker] com.gateway.StocksApplicationTests       : Starting StocksApplicationTests on bigDaddy-System-Product-Name with PID 15059 (started by big-daddy in /home/big-daddy/code/stocks-app/api-gateway)
2020-05-10 02:21:58.606  INFO 15059 --- [    Test worker] com.gateway.StocksApplicationTests       : The following profiles are active: dev
2020-05-10 02:21:58.982  INFO 15059 --- [    Test worker] .s.d.r.c.RepositoryConfigurationDelegate : Multiple Spring Data modules found, entering strict repository configuration mode!
2020-05-10 02:21:58.984  INFO 15059 --- [    Test worker] .s.d.r.c.RepositoryConfigurationDelegate : Bootstrapping Spring Data Redis repositories in DEFAULT mode.
2020-05-10 02:21:59.000  INFO 15059 --- [    Test worker] .s.d.r.c.RepositoryConfigurationDelegate : Finished Spring Data repository scanning in 8ms. Found 0 Redis repository interfaces.
2020-05-10 02:21:59.649  INFO 15059 --- [    Test worker] o.s.s.concurrent.ThreadPoolTaskExecutor  : Initializing ExecutorService 'applicationTaskExecutor'
2020-05-10 02:22:00.163  INFO 15059 --- [    Test worker] com.gateway.StocksApplicationTests       : Started StocksApplicationTests in 1.743 seconds (JVM running for 2.393)
]]></system-out>
  <system-err><![CDATA[]]></system-err>
</testsuite>
