<?xml version="1.0" encoding="UTF-8"?>
<testsuite name="com.gateway.StocksApplicationTests" tests="1" skipped="0" failures="0" errors="0" timestamp="2020-04-06T06:47:28" hostname="bigDaddy-System-Product-Name" time="0.2">
  <properties/>
  <testcase name="contextLoads()" classname="com.gateway.StocksApplicationTests" time="0.2"/>
  <system-out><![CDATA[01:47:26.786 [Test worker] DEBUG org.springframework.test.context.BootstrapUtils - Instantiating CacheAwareContextLoaderDelegate from class [org.springframework.test.context.cache.DefaultCacheAwareContextLoaderDelegate]
01:47:26.794 [Test worker] DEBUG org.springframework.test.context.BootstrapUtils - Instantiating BootstrapContext using constructor [public org.springframework.test.context.support.DefaultBootstrapContext(java.lang.Class,org.springframework.test.context.CacheAwareContextLoaderDelegate)]
01:47:26.812 [Test worker] DEBUG org.springframework.test.context.BootstrapUtils - Instantiating TestContextBootstrapper for test class [com.gateway.StocksApplicationTests] from class [org.springframework.boot.test.context.SpringBootTestContextBootstrapper]
01:47:26.821 [Test worker] INFO org.springframework.boot.test.context.SpringBootTestContextBootstrapper - Neither @ContextConfiguration nor @ContextHierarchy found for test class [com.gateway.StocksApplicationTests], using SpringBootContextLoader
01:47:26.824 [Test worker] DEBUG org.springframework.test.context.support.AbstractContextLoader - Did not detect default resource location for test class [com.gateway.StocksApplicationTests]: class path resource [com/gateway/StocksApplicationTests-context.xml] does not exist
01:47:26.824 [Test worker] DEBUG org.springframework.test.context.support.AbstractContextLoader - Did not detect default resource location for test class [com.gateway.StocksApplicationTests]: class path resource [com/gateway/StocksApplicationTestsContext.groovy] does not exist
01:47:26.824 [Test worker] INFO org.springframework.test.context.support.AbstractContextLoader - Could not detect default resource locations for test class [com.gateway.StocksApplicationTests]: no resource found for suffixes {-context.xml, Context.groovy}.
01:47:26.825 [Test worker] INFO org.springframework.test.context.support.AnnotationConfigContextLoaderUtils - Could not detect default configuration classes for test class [com.gateway.StocksApplicationTests]: StocksApplicationTests does not declare any static, non-private, non-final, nested classes annotated with @Configuration.
01:47:26.852 [Test worker] DEBUG org.springframework.test.context.support.ActiveProfilesUtils - Could not find an 'annotation declaring class' for annotation type [org.springframework.test.context.ActiveProfiles] and class [com.gateway.StocksApplicationTests]
01:47:26.893 [Test worker] DEBUG org.springframework.context.annotation.ClassPathScanningCandidateComponentProvider - Identified candidate component class: file [/home/big-daddy/code/stocks-app/api-gateway/build/classes/java/main/com/gateway/GatewayApplication.class]
01:47:26.893 [Test worker] INFO org.springframework.boot.test.context.SpringBootTestContextBootstrapper - Found @SpringBootConfiguration com.gateway.GatewayApplication for test class com.gateway.StocksApplicationTests
01:47:26.951 [Test worker] DEBUG org.springframework.boot.test.context.SpringBootTestContextBootstrapper - @TestExecutionListeners is not present for class [com.gateway.StocksApplicationTests]: using defaults.
01:47:26.951 [Test worker] INFO org.springframework.boot.test.context.SpringBootTestContextBootstrapper - Loaded default TestExecutionListener class names from location [META-INF/spring.factories]: [org.springframework.boot.test.autoconfigure.restdocs.RestDocsTestExecutionListener, org.springframework.boot.test.autoconfigure.web.client.MockRestServiceServerResetTestExecutionListener, org.springframework.boot.test.autoconfigure.web.servlet.MockMvcPrintOnlyOnFailureTestExecutionListener, org.springframework.boot.test.autoconfigure.web.servlet.WebDriverTestExecutionListener, org.springframework.boot.test.mock.mockito.MockitoTestExecutionListener, org.springframework.boot.test.mock.mockito.ResetMocksTestExecutionListener, org.springframework.test.context.web.ServletTestExecutionListener, org.springframework.test.context.support.DirtiesContextBeforeModesTestExecutionListener, org.springframework.test.context.support.DependencyInjectionTestExecutionListener, org.springframework.test.context.support.DirtiesContextTestExecutionListener, org.springframework.test.context.transaction.TransactionalTestExecutionListener, org.springframework.test.context.jdbc.SqlScriptsTestExecutionListener, org.springframework.test.context.event.EventPublishingTestExecutionListener]
01:47:26.960 [Test worker] INFO org.springframework.boot.test.context.SpringBootTestContextBootstrapper - Using TestExecutionListeners: [org.springframework.test.context.web.ServletTestExecutionListener@6b46cd92, org.springframework.test.context.support.DirtiesContextBeforeModesTestExecutionListener@39181db4, org.springframework.boot.test.mock.mockito.MockitoTestExecutionListener@569e023f, org.springframework.boot.test.autoconfigure.SpringBootDependencyInjectionTestExecutionListener@49a0448c, org.springframework.test.context.support.DirtiesContextTestExecutionListener@14d73a77, org.springframework.test.context.transaction.TransactionalTestExecutionListener@6d5b70e4, org.springframework.test.context.jdbc.SqlScriptsTestExecutionListener@4bf2088a, org.springframework.test.context.event.EventPublishingTestExecutionListener@3da15c, org.springframework.boot.test.autoconfigure.restdocs.RestDocsTestExecutionListener@2d9427ae, org.springframework.boot.test.autoconfigure.web.client.MockRestServiceServerResetTestExecutionListener@1bfebea8, org.springframework.boot.test.autoconfigure.web.servlet.MockMvcPrintOnlyOnFailureTestExecutionListener@40935305, org.springframework.boot.test.autoconfigure.web.servlet.WebDriverTestExecutionListener@2d493d0a, org.springframework.boot.test.mock.mockito.ResetMocksTestExecutionListener@21ecc65a]
01:47:26.963 [Test worker] DEBUG org.springframework.test.context.support.AbstractDirtiesContextTestExecutionListener - Before test class: context [DefaultTestContext@3ddeebaa testClass = StocksApplicationTests, testInstance = [null], testMethod = [null], testException = [null], mergedContextConfiguration = [WebMergedContextConfiguration@6ab5a38d testClass = StocksApplicationTests, locations = '{}', classes = '{class com.gateway.GatewayApplication}', contextInitializerClasses = '[]', activeProfiles = '{}', propertySourceLocations = '{}', propertySourceProperties = '{org.springframework.boot.test.context.SpringBootTestContextBootstrapper=true}', contextCustomizers = set[org.springframework.boot.test.autoconfigure.properties.PropertyMappingContextCustomizer@0, org.springframework.boot.test.autoconfigure.web.servlet.WebDriverContextCustomizerFactory$Customizer@3a2086eb, org.springframework.boot.test.context.filter.ExcludeFilterContextCustomizer@6edd02cf, org.springframework.boot.test.json.DuplicateJsonObjectContextCustomizerFactory$DuplicateJsonObjectContextCustomizer@17355574, org.springframework.boot.test.mock.mockito.MockitoContextCustomizer@0, org.springframework.boot.test.web.client.TestRestTemplateContextCustomizer@3fce2bd3, org.springframework.boot.test.web.reactive.server.WebTestClientContextCustomizer@24fda99e], resourceBasePath = 'src/main/webapp', contextLoader = 'org.springframework.boot.test.context.SpringBootContextLoader', parent = [null]], attributes = map['org.springframework.test.context.web.ServletTestExecutionListener.activateListener' -> true]], class annotated with @DirtiesContext [false] with mode [null].
01:47:26.980 [Test worker] DEBUG org.springframework.test.context.support.TestPropertySourceUtils - Adding inlined properties to environment: {spring.jmx.enabled=false, org.springframework.boot.test.context.SpringBootTestContextBootstrapper=true, server.port=-1}

  .   ____          _            __ _ _
 /\\ / ___'_ __ _ _(_)_ __  __ _ \ \ \ \
( ( )\___ | '_ | '_| | '_ \/ _` | \ \ \ \
 \\/  ___)| |_)| | | | | || (_| |  ) ) ) )
  '  |____| .__|_| |_|_| |_\__, | / / / /
 =========|_|==============|___/=/_/_/_/
 :: Spring Boot ::        (v2.2.6.RELEASE)

2020-04-06 01:47:27.209  INFO 15400 --- [    Test worker] com.gateway.StocksApplicationTests       : Starting StocksApplicationTests on bigDaddy-System-Product-Name with PID 15400 (started by big-daddy in /home/big-daddy/code/stocks-app/api-gateway)
2020-04-06 01:47:27.210  INFO 15400 --- [    Test worker] com.gateway.StocksApplicationTests       : No active profile set, falling back to default profiles: default
2020-04-06 01:47:27.616  INFO 15400 --- [    Test worker] .s.d.r.c.RepositoryConfigurationDelegate : Multiple Spring Data modules found, entering strict repository configuration mode!
2020-04-06 01:47:27.618  INFO 15400 --- [    Test worker] .s.d.r.c.RepositoryConfigurationDelegate : Bootstrapping Spring Data Redis repositories in DEFAULT mode.
2020-04-06 01:47:27.659  INFO 15400 --- [    Test worker] .s.d.r.c.RepositoryConfigurationDelegate : Finished Spring Data repository scanning in 12ms. Found 0 Redis repository interfaces.
2020-04-06 01:47:28.320  INFO 15400 --- [    Test worker] o.s.s.concurrent.ThreadPoolTaskExecutor  : Initializing ExecutorService 'applicationTaskExecutor'
2020-04-06 01:47:28.898  INFO 15400 --- [    Test worker] com.gateway.StocksApplicationTests       : Started StocksApplicationTests in 1.911 seconds (JVM running for 2.655)
]]></system-out>
  <system-err><![CDATA[]]></system-err>
</testsuite>
